This file contains any messages produced by compilers while
running configure, to aid debugging if configure makes a mistake.

It was created by cctlib configure 0.1, which was
generated by GNU Autoconf 2.69.  Invocation command line was

  $ ./configure --with-Pin=/home/cc/NVC/pin-2.14-71313-gcc.4.4.7-linux --with-boost=/home/cc/NVC/boost_1_56_0-install/ --with-sparse-hash=/home/cc/NVC/sparsehash-2.0.2-install/ --with-libelf=/home/cc/NVC/libelf-0.8.9-install/

## --------- ##
## Platform. ##
## --------- ##

hostname = crash-test0
uname -m = x86_64
uname -r = 3.13.0-164-generic
uname -s = Linux
uname -v = #214-Ubuntu SMP Wed Dec 5 10:42:33 UTC 2018

/usr/bin/uname -p = unknown
/bin/uname -X     = unknown

/bin/arch              = unknown
/usr/bin/arch -k       = unknown
/usr/convex/getsysinfo = unknown
/usr/bin/hostinfo      = unknown
/bin/machine           = unknown
/usr/bin/oslevel       = unknown
/bin/universe          = unknown

PATH: /usr/local/sbin
PATH: /usr/local/bin
PATH: /usr/sbin
PATH: /usr/bin
PATH: /sbin
PATH: /bin
PATH: /usr/games
PATH: /usr/local/games


## ----------- ##
## Core tests. ##
## ----------- ##

configure:1922: checking for a BSD-compatible install
configure:1990: result: /usr/bin/install -c
configure:2001: checking whether build environment is sane
configure:2056: result: yes
configure:2207: checking for a thread-safe mkdir -p
configure:2246: result: /bin/mkdir -p
configure:2253: checking for gawk
configure:2269: found /usr/bin/gawk
configure:2280: result: gawk
configure:2291: checking whether make sets $(MAKE)
configure:2313: result: yes
configure:2342: checking whether make supports nested variables
configure:2359: result: yes
configure:2486: checking whether to enable maintainer-specific portions of Makefiles
configure:2495: result: no
configure:2568: checking for g++
configure:2584: found /usr/bin/g++
configure:2595: result: g++
configure:2622: checking for C++ compiler version
configure:2631: g++ --version >&5
g++ (Ubuntu 4.8.4-2ubuntu1~14.04.4) 4.8.4
Copyright (C) 2013 Free Software Foundation, Inc.
This is free software; see the source for copying conditions.  There is NO
warranty; not even for MERCHANTABILITY or FITNESS FOR A PARTICULAR PURPOSE.

configure:2642: $? = 0
configure:2631: g++ -v >&5
Using built-in specs.
COLLECT_GCC=g++
COLLECT_LTO_WRAPPER=/usr/lib/gcc/x86_64-linux-gnu/4.8/lto-wrapper
Target: x86_64-linux-gnu
Configured with: ../src/configure -v --with-pkgversion='Ubuntu 4.8.4-2ubuntu1~14.04.4' --with-bugurl=file:///usr/share/doc/gcc-4.8/README.Bugs --enable-languages=c,c++,java,go,d,fortran,objc,obj-c++ --prefix=/usr --program-suffix=-4.8 --enable-shared --enable-linker-build-id --libexecdir=/usr/lib --without-included-gettext --enable-threads=posix --with-gxx-include-dir=/usr/include/c++/4.8 --libdir=/usr/lib --enable-nls --with-sysroot=/ --enable-clocale=gnu --enable-libstdcxx-debug --enable-libstdcxx-time=yes --enable-gnu-unique-object --disable-libmudflap --enable-plugin --with-system-zlib --disable-browser-plugin --enable-java-awt=gtk --enable-gtk-cairo --with-java-home=/usr/lib/jvm/java-1.5.0-gcj-4.8-amd64/jre --enable-java-home --with-jvm-root-dir=/usr/lib/jvm/java-1.5.0-gcj-4.8-amd64 --with-jvm-jar-dir=/usr/lib/jvm-exports/java-1.5.0-gcj-4.8-amd64 --with-arch-directory=amd64 --with-ecj-jar=/usr/share/java/eclipse-ecj.jar --enable-objc-gc --enable-multiarch --disable-werror --with-arch-32=i686 --with-abi=m64 --with-multilib-list=m32,m64,mx32 --with-tune=generic --enable-checking=release --build=x86_64-linux-gnu --host=x86_64-linux-gnu --target=x86_64-linux-gnu
Thread model: posix
gcc version 4.8.4 (Ubuntu 4.8.4-2ubuntu1~14.04.4) 
configure:2642: $? = 0
configure:2631: g++ -V >&5
g++: error: unrecognized command line option '-V'
g++: fatal error: no input files
compilation terminated.
configure:2642: $? = 4
configure:2631: g++ -qversion >&5
g++: error: unrecognized command line option '-qversion'
g++: fatal error: no input files
compilation terminated.
configure:2642: $? = 4
configure:2662: checking whether the C++ compiler works
configure:2684: g++    conftest.cpp  >&5
configure:2688: $? = 0
configure:2736: result: yes
configure:2739: checking for C++ compiler default output file name
configure:2741: result: a.out
configure:2747: checking for suffix of executables
configure:2754: g++ -o conftest    conftest.cpp  >&5
configure:2758: $? = 0
configure:2780: result: 
configure:2802: checking whether we are cross compiling
configure:2810: g++ -o conftest    conftest.cpp  >&5
configure:2814: $? = 0
configure:2821: ./conftest
configure:2825: $? = 0
configure:2840: result: no
configure:2845: checking for suffix of object files
configure:2867: g++ -c   conftest.cpp >&5
configure:2871: $? = 0
configure:2892: result: o
configure:2896: checking whether we are using the GNU C++ compiler
configure:2915: g++ -c   conftest.cpp >&5
configure:2915: $? = 0
configure:2924: result: yes
configure:2933: checking whether g++ accepts -g
configure:2953: g++ -c -g  conftest.cpp >&5
configure:2953: $? = 0
configure:2994: result: yes
configure:3028: checking for style of include used by make
configure:3056: result: GNU
configure:3082: checking dependency style of g++
configure:3193: result: gcc3
configure:3256: checking for gcc
configure:3272: found /usr/bin/gcc
configure:3283: result: gcc
configure:3512: checking for C compiler version
configure:3521: gcc --version >&5
gcc (Ubuntu 4.8.4-2ubuntu1~14.04.4) 4.8.4
Copyright (C) 2013 Free Software Foundation, Inc.
This is free software; see the source for copying conditions.  There is NO
warranty; not even for MERCHANTABILITY or FITNESS FOR A PARTICULAR PURPOSE.

configure:3532: $? = 0
configure:3521: gcc -v >&5
Using built-in specs.
COLLECT_GCC=gcc
COLLECT_LTO_WRAPPER=/usr/lib/gcc/x86_64-linux-gnu/4.8/lto-wrapper
Target: x86_64-linux-gnu
Configured with: ../src/configure -v --with-pkgversion='Ubuntu 4.8.4-2ubuntu1~14.04.4' --with-bugurl=file:///usr/share/doc/gcc-4.8/README.Bugs --enable-languages=c,c++,java,go,d,fortran,objc,obj-c++ --prefix=/usr --program-suffix=-4.8 --enable-shared --enable-linker-build-id --libexecdir=/usr/lib --without-included-gettext --enable-threads=posix --with-gxx-include-dir=/usr/include/c++/4.8 --libdir=/usr/lib --enable-nls --with-sysroot=/ --enable-clocale=gnu --enable-libstdcxx-debug --enable-libstdcxx-time=yes --enable-gnu-unique-object --disable-libmudflap --enable-plugin --with-system-zlib --disable-browser-plugin --enable-java-awt=gtk --enable-gtk-cairo --with-java-home=/usr/lib/jvm/java-1.5.0-gcj-4.8-amd64/jre --enable-java-home --with-jvm-root-dir=/usr/lib/jvm/java-1.5.0-gcj-4.8-amd64 --with-jvm-jar-dir=/usr/lib/jvm-exports/java-1.5.0-gcj-4.8-amd64 --with-arch-directory=amd64 --with-ecj-jar=/usr/share/java/eclipse-ecj.jar --enable-objc-gc --enable-multiarch --disable-werror --with-arch-32=i686 --with-abi=m64 --with-multilib-list=m32,m64,mx32 --with-tune=generic --enable-checking=release --build=x86_64-linux-gnu --host=x86_64-linux-gnu --target=x86_64-linux-gnu
Thread model: posix
gcc version 4.8.4 (Ubuntu 4.8.4-2ubuntu1~14.04.4) 
configure:3532: $? = 0
configure:3521: gcc -V >&5
gcc: error: unrecognized command line option '-V'
gcc: fatal error: no input files
compilation terminated.
configure:3532: $? = 4
configure:3521: gcc -qversion >&5
gcc: error: unrecognized command line option '-qversion'
gcc: fatal error: no input files
compilation terminated.
configure:3532: $? = 4
configure:3536: checking whether we are using the GNU C compiler
configure:3555: gcc -c   conftest.c >&5
configure:3555: $? = 0
configure:3564: result: yes
configure:3573: checking whether gcc accepts -g
configure:3593: gcc -c -g  conftest.c >&5
configure:3593: $? = 0
configure:3634: result: yes
configure:3651: checking for gcc option to accept ISO C89
configure:3714: gcc  -c -g -O2  conftest.c >&5
configure:3714: $? = 0
configure:3727: result: none needed
configure:3752: checking whether gcc understands -c and -o together
configure:3774: gcc -c conftest.c -o conftest2.o
configure:3777: $? = 0
configure:3774: gcc -c conftest.c -o conftest2.o
configure:3777: $? = 0
configure:3789: result: yes
configure:3808: checking dependency style of gcc
configure:3919: result: gcc3
configure:3977: checking for ranlib
configure:3993: found /usr/bin/ranlib
configure:4004: result: ranlib
configure:4031: checking whether DEVELOP mode is enabled
configure:4049: result: no
configure:4133: result: yes
configure:4174:   Pin:         /home/cc/NVC/pin-2.14-71313-gcc.4.4.7-linux
configure:4176:   Google sparse hash:         /home/cc/NVC/sparsehash-2.0.2-install/
configure:4178:   Boost:         /home/cc/NVC/boost_1_56_0-install/
configure:4180:   Libelf:         /home/cc/NVC/libelf-0.8.9-install/
configure:4295: checking that generated files are newer than configure
configure:4301: result: done
configure:4340: creating ./config.status

## ---------------------- ##
## Running config.status. ##
## ---------------------- ##

This file was extended by cctlib config.status 0.1, which was
generated by GNU Autoconf 2.69.  Invocation command line was

  CONFIG_FILES    = 
  CONFIG_HEADERS  = 
  CONFIG_LINKS    = 
  CONFIG_COMMANDS = 
  $ ./config.status 

on crash-test0

config.status:863: creating Makefile
config.status:863: creating src/Makefile
config.status:863: creating tests/Makefile
config.status:863: creating src/config.h
config.status:1092: executing depfiles commands

## ---------------- ##
## Cache variables. ##
## ---------------- ##

ac_cv_c_compiler_gnu=yes
ac_cv_cxx_compiler_gnu=yes
ac_cv_env_CCC_set=
ac_cv_env_CCC_value=
ac_cv_env_CC_set=
ac_cv_env_CC_value=
ac_cv_env_CFLAGS_set=
ac_cv_env_CFLAGS_value=
ac_cv_env_CPPFLAGS_set=
ac_cv_env_CPPFLAGS_value=
ac_cv_env_CXXFLAGS_set=
ac_cv_env_CXXFLAGS_value=
ac_cv_env_CXX_set=
ac_cv_env_CXX_value=
ac_cv_env_LDFLAGS_set=
ac_cv_env_LDFLAGS_value=
ac_cv_env_LIBS_set=
ac_cv_env_LIBS_value=
ac_cv_env_build_alias_set=
ac_cv_env_build_alias_value=
ac_cv_env_host_alias_set=
ac_cv_env_host_alias_value=
ac_cv_env_target_alias_set=
ac_cv_env_target_alias_value=
ac_cv_objext=o
ac_cv_path_install='/usr/bin/install -c'
ac_cv_path_mkdir=/bin/mkdir
ac_cv_prog_AWK=gawk
ac_cv_prog_ac_ct_CC=gcc
ac_cv_prog_ac_ct_CXX=g++
ac_cv_prog_ac_ct_RANLIB=ranlib
ac_cv_prog_cc_c89=
ac_cv_prog_cc_g=yes
ac_cv_prog_cxx_g=yes
ac_cv_prog_make_make_set=yes
am_cv_CC_dependencies_compiler_type=gcc3
am_cv_CXX_dependencies_compiler_type=gcc3
am_cv_make_support_nested_variables=yes
am_cv_prog_cc_c_o=yes

## ----------------- ##
## Output variables. ##
## ----------------- ##

ACLOCAL='${SHELL} /home/cc/NVC/missing aclocal-1.14'
AMDEPBACKSLASH='\'
AMDEP_FALSE='#'
AMDEP_TRUE=''
AMTAR='$${TAR-tar}'
AM_BACKSLASH='\'
AM_DEFAULT_V='$(AM_DEFAULT_VERBOSITY)'
AM_DEFAULT_VERBOSITY='1'
AM_V='$(V)'
AUTOCONF='${SHELL} /home/cc/NVC/missing autoconf'
AUTOHEADER='${SHELL} /home/cc/NVC/missing autoheader'
AUTOMAKE='${SHELL} /home/cc/NVC/missing automake-1.14'
AWK='gawk'
BOOST_PATH='/home/cc/NVC/boost_1_56_0-install/'
CC='gcc'
CCDEPMODE='depmode=gcc3'
CCTLIB_EXTRA_CPPFLAGS='-DNDEBUG'
CCTLIB_EXTRA_CXXFLAGS='-Wno-unused-result -Wno-unused-variable -Wno-unused-local-typedefs -Wno-unused-function -std=c++11 -DUSE_BOOST'
CFLAGS='-g -O2'
CPPFLAGS=''
CXX='g++'
CXXDEPMODE='depmode=gcc3'
CXXFLAGS='-g -O2'
CYGPATH_W='echo'
DEBUG='0'
DEFS='-DHAVE_CONFIG_H'
DEPDIR='.deps'
ECHO_C=''
ECHO_N='-n'
ECHO_T=''
EXEEXT=''
INSTALL_DATA='${INSTALL} -m 644'
INSTALL_PROGRAM='${INSTALL}'
INSTALL_SCRIPT='${INSTALL}'
INSTALL_STRIP_PROGRAM='$(install_sh) -c -s'
LDFLAGS=''
LIBELF_PATH='/home/cc/NVC/libelf-0.8.9-install/'
LIBOBJS=''
LIBS=''
LTLIBOBJS=''
MAINT='#'
MAINTAINER_MODE_FALSE=''
MAINTAINER_MODE_TRUE='#'
MAKEINFO='${SHELL} /home/cc/NVC/missing makeinfo'
MKDIR_P='/bin/mkdir -p'
OBJEXT='o'
OPT_ENABLE_DEVELOP_FALSE=''
OPT_ENABLE_DEVELOP_TRUE='#'
OPT_USE_BOOST_FALSE='#'
OPT_USE_BOOST_TRUE=''
PACKAGE='cctlib'
PACKAGE_BUGREPORT='chabbi.milind@gmail.com'
PACKAGE_NAME='cctlib'
PACKAGE_STRING='cctlib 0.1'
PACKAGE_TARNAME='cctlib'
PACKAGE_URL=''
PACKAGE_VERSION='0.1'
PATH_SEPARATOR=':'
PIN_PATH='/home/cc/NVC/pin-2.14-71313-gcc.4.4.7-linux'
PIN_ROOT='/home/cc/NVC/pin-2.14-71313-gcc.4.4.7-linux'
RANLIB='ranlib'
SET_MAKE=''
SHELL='/bin/bash'
SPARSEHASH_PATH='/home/cc/NVC/sparsehash-2.0.2-install/'
STRIP=''
VERSION='0.1'
ac_ct_CC='gcc'
ac_ct_CXX='g++'
am__EXEEXT_FALSE=''
am__EXEEXT_TRUE='#'
am__fastdepCC_FALSE='#'
am__fastdepCC_TRUE=''
am__fastdepCXX_FALSE='#'
am__fastdepCXX_TRUE=''
am__include='include'
am__isrc=''
am__leading_dot='.'
am__nodep='_no'
am__quote=''
am__tar='$${TAR-tar} chof - "$$tardir"'
am__untar='$${TAR-tar} xf -'
bindir='${exec_prefix}/bin'
build_alias=''
datadir='${datarootdir}'
datarootdir='${prefix}/share'
docdir='${datarootdir}/doc/${PACKAGE_TARNAME}'
dvidir='${docdir}'
exec_prefix='${prefix}'
host_alias=''
htmldir='${docdir}'
includedir='${prefix}/include'
infodir='${datarootdir}/info'
install_sh='${SHELL} /home/cc/NVC/install-sh'
libdir='${exec_prefix}/lib'
libexecdir='${exec_prefix}/libexec'
localedir='${datarootdir}/locale'
localstatedir='${prefix}/var'
mandir='${datarootdir}/man'
mkdir_p='$(MKDIR_P)'
oldincludedir='/usr/include'
pdfdir='${docdir}'
prefix='/usr/local'
program_transform_name='s,x,x,'
psdir='${docdir}'
sbindir='${exec_prefix}/sbin'
sharedstatedir='${prefix}/com'
sysconfdir='${prefix}/etc'
target_alias=''

## ----------- ##
## confdefs.h. ##
## ----------- ##

/* confdefs.h */
#define PACKAGE_NAME "cctlib"
#define PACKAGE_TARNAME "cctlib"
#define PACKAGE_VERSION "0.1"
#define PACKAGE_STRING "cctlib 0.1"
#define PACKAGE_BUGREPORT "chabbi.milind@gmail.com"
#define PACKAGE_URL ""
#define PACKAGE "cctlib"
#define VERSION "0.1"

configure: exit 0
